<?xml version="1.0" encoding="UTF-8"?>
<!-- Generated by org.testng.reporters.JUnitReportReporter -->
<testsuite skipped="0" hostname="cristophe-VirtualBox" name="Pruebas.Web.Thread_0005" tests="3" failures="0" timestamp="11 abr 2019 22:47:34 GMT" time="25.340" errors="0">
  <testcase name="Caso_0003" time="7.395" classname="Pruebas.Web.Thread_0005"/>
  <testcase name="Caso_0002" time="7.595" classname="Pruebas.Web.Thread_0005"/>
  <testcase name="Caso_0001" time="10.350" classname="Pruebas.Web.Thread_0005"/>
</testsuite> <!-- Pruebas.Web.Thread_0005 -->
