<?xml version="1.0" encoding="UTF-8"?>
<!-- Generated by org.testng.reporters.JUnitReportReporter -->
<testsuite skipped="0" hostname="DESKTOP-GK1P720" name="Pruebas.Regresion.Regresion" tests="1" failures="0" timestamp="08 may 2019 05:06:30 GMT" time="0.852" errors="0">
  <testcase name="Caso_0005" time="0.852" classname="Pruebas.Regresion.Regresion"/>
</testsuite> <!-- Pruebas.Regresion.Regresion -->
