<?xml version="1.0" encoding="UTF-8"?>
<!-- Generated by org.testng.reporters.JUnitReportReporter -->
<testsuite skipped="0" hostname="Clarochile_0388" name="Core.Cucumber.Runner" tests="1" failures="0" timestamp="2020-01-20T16:06:02 CLST" time="400.278" errors="0">
  <testcase name="runScenario" time="400.278" classname="Core.Cucumber.Runner"/>
</testsuite> <!-- Core.Cucumber.Runner -->
