<?xml version="1.0" encoding="UTF-8"?>
<!-- Generated by org.testng.reporters.JUnitReportReporter -->
<testsuite skipped="0" hostname="DESKTOP-GK1P720" name="Pruebas.Regresion.Thread_0003" tests="1" failures="0" timestamp="15 abr 2019 22:25:38 GMT" time="7.070" errors="0">
  <testcase name="Caso_0001" time="7.070" classname="Pruebas.Regresion.Thread_0003"/>
</testsuite> <!-- Pruebas.Regresion.Thread_0003 -->
